#
# There is insufficient memory for the Java Runtime Environment to continue.
# Native memory allocation (mmap) failed to map 134217728 bytes for G1 virtual space
# Possible reasons:
#   The system is out of physical RAM or swap space
#   The process is running with CompressedOops enabled, and the Java Heap may be blocking the growth of the native heap
# Possible solutions:
#   Reduce memory load on the system
#   Increase physical memory or swap space
#   Check if swap backing store is full
#   Decrease Java heap size (-Xmx/-Xms)
#   Decrease number of Java threads
#   Decrease Java thread stack sizes (-Xss)
#   Set larger code cache with -XX:ReservedCodeCacheSize=
#   JVM is running with Unscaled Compressed Oops mode in which the Java heap is
#     placed in the first 4GB address space. The Java Heap base address is the
#     maximum limit for the native heap growth. Please use -XX:HeapBaseMinAddress
#     to set the Java Heap base and to place the Java Heap above 4GB virtual address.
# This output file may be truncated or incomplete.
#
#  Out of Memory Error (os_windows.cpp:3825), pid=1480, tid=10644
#
# JRE version:  (17.0.10+1) (build )
# Java VM: OpenJDK 64-Bit Server VM (17.0.10+1-b1087.17, mixed mode, sharing, tiered, compressed oops, compressed class ptrs, g1 gc, windows-amd64)
# No core dump will be written. Minidumps are not enabled by default on client versions of Windows
#

---------------  S U M M A R Y ------------

Command Line: git4idea.http.GitAskPassApp Username for 'https://github.com': 

Host: Intel(R) Core(TM) i5-8250U CPU @ 1.60GHz, 8 cores, 7G,  Windows 10 , 64 bit Build 19041 (10.0.19041.4957)
Time: Sun Nov  3 17:04:38 2024  Windows 10 , 64 bit Build 19041 (10.0.19041.4957) elapsed time: 0.064797 seconds (0d 0h 0m 0s)

---------------  T H R E A D  ---------------

Current thread (0x0000029911b82830):  JavaThread "Unknown thread" [_thread_in_vm, id=10644, stack(0x000000e771f00000,0x000000e772000000)]

Stack: [0x000000e771f00000,0x000000e772000000]
Native frames: (J=compiled Java code, j=interpreted, Vv=VM code, C=native code)
V  [jvm.dll+0x688ac9]
V  [jvm.dll+0x84220a]
V  [jvm.dll+0x843e4e]
V  [jvm.dll+0x8444b3]
V  [jvm.dll+0x24ba8f]
V  [jvm.dll+0x685899]
V  [jvm.dll+0x67a14a]
V  [jvm.dll+0x30c7eb]
V  [jvm.dll+0x313c96]
V  [jvm.dll+0x363a2e]
V  [jvm.dll+0x363c5f]
V  [jvm.dll+0x2e25b8]
V  [jvm.dll+0x2e3524]
V  [jvm.dll+0x812d71]
V  [jvm.dll+0x3718e1]
V  [jvm.dll+0x7f18d6]
V  [jvm.dll+0x3f553f]
V  [jvm.dll+0x3f7171]
C  [jli.dll+0x528f]
C  [ucrtbase.dll+0x21bb2]
C  [KERNEL32.DLL+0x17374]
C  [ntdll.dll+0x4cc91]


---------------  P R O C E S S  ---------------

Threads class SMR info:
_java_thread_list=0x00007fffff82ef58, length=0, elements={
}

Java Threads: ( => current thread )

Other Threads:
  0x0000029911bdbda0 GCTaskThread "GC Thread#0" [stack: 0x000000e772000000,0x000000e772100000] [id=21140]
  0x0000029911bee120 ConcurrentGCThread "G1 Main Marker" [stack: 0x000000e772100000,0x000000e772200000] [id=21100]
  0x0000029911beeb40 ConcurrentGCThread "G1 Conc#0" [stack: 0x000000e772200000,0x000000e772300000] [id=10152]

[error occurred during error reporting (printing all threads), id 0xc0000005, EXCEPTION_ACCESS_VIOLATION (0xc0000005) at pc=0x00007ffffefe3187]

VM state: not at safepoint (not fully initialized)

VM Mutex/Monitor currently owned by a thread:  ([mutex/lock_event])
[0x000002990f9eba40] Heap_lock - owner thread: 0x0000029911b82830

Heap address: 0x0000000081c00000, size: 2020 MB, Compressed Oops mode: 32-bit

CDS archive(s) mapped at: [0x0000000000000000-0x0000000000000000-0x0000000000000000), size 0, SharedBaseAddress: 0x0000000800000000, ArchiveRelocationMode: 1.
Narrow klass base: 0x0000000000000000, Narrow klass shift: 0, Narrow klass range: 0x0

GC Precious Log:
<Empty>

Heap:
 garbage-first heap   total 0K, used 0K [0x0000000081c00000, 0x0000000100000000)
  region size 1024K, 0 young (0K), 0 survivors (0K)
 Metaspace       used 0K, committed 0K, reserved 0K
  class space    used 0K, committed 0K, reserved 0K

Heap Regions: E=young(eden), S=young(survivor), O=old, HS=humongous(starts), HC=humongous(continues), CS=collection set, F=free, OA=open archive, CA=closed archive, TAMS=top-at-mark-start (previous, next)

Card table byte_map: [0x0000029924a30000,0x0000029924e30000] _byte_map_base: 0x0000029924622000

Marking Bits (Prev, Next): (CMBitMap*) 0x0000029911bdc3c0, (CMBitMap*) 0x0000029911bdc400
 Prev Bits: [0x0000029925230000, 0x00000299271c0000)
 Next Bits: [0x00000299271c0000, 0x0000029929150000)

GC Heap History (0 events):
No events

Dll operation events (1 events):
Event: 0.034 Loaded shared library C:\Program Files\JetBrains\PyCharm Community Edition 2023.3.4\jbr\bin\java.dll

Deoptimization events (0 events):
No events

Classes unloaded (0 events):
No events

Classes redefined (0 events):
No events

Internal exceptions (0 events):
No events

VM Operations (0 events):
No events

Events (0 events):
No events


Dynamic libraries:
0x00007ff7c41d0000 - 0x00007ff7c41da000 	C:\Program Files\JetBrains\PyCharm Community Edition 2023.3.4\jbr\bin\java.exe
0x00007ff8711b0000 - 0x00007ff8713a8000 	C:\WINDOWS\SYSTEM32\ntdll.dll
0x00007ff870240000 - 0x00007ff870302000 	C:\WINDOWS\System32\KERNEL32.DLL
0x00007ff86edb0000 - 0x00007ff86f0ae000 	C:\WINDOWS\System32\KERNELBASE.dll
0x00007ff86e9b0000 - 0x00007ff86eab0000 	C:\WINDOWS\System32\ucrtbase.dll
0x00007ff84b680000 - 0x00007ff84b697000 	C:\Program Files\JetBrains\PyCharm Community Edition 2023.3.4\jbr\bin\jli.dll
0x00007ff870310000 - 0x00007ff8704ad000 	C:\WINDOWS\System32\USER32.dll
0x00007ff86e980000 - 0x00007ff86e9a2000 	C:\WINDOWS\System32\win32u.dll
0x00007ff854a20000 - 0x00007ff854a3b000 	C:\Program Files\JetBrains\PyCharm Community Edition 2023.3.4\jbr\bin\VCRUNTIME140.dll
0x00007ff85ae80000 - 0x00007ff85b11a000 	C:\WINDOWS\WinSxS\amd64_microsoft.windows.common-controls_6595b64144ccf1df_6.0.19041.4355_none_60b8b9eb71f62e16\COMCTL32.dll
0x00007ff86f1a0000 - 0x00007ff86f1cb000 	C:\WINDOWS\System32\GDI32.dll
0x00007ff86ec90000 - 0x00007ff86eda7000 	C:\WINDOWS\System32\gdi32full.dll
0x00007ff86f510000 - 0x00007ff86f5ae000 	C:\WINDOWS\System32\msvcrt.dll
0x00007ff86eb40000 - 0x00007ff86ebdd000 	C:\WINDOWS\System32\msvcp_win.dll
0x00007ff8709a0000 - 0x00007ff8709cf000 	C:\WINDOWS\System32\IMM32.DLL
0x00007ff86b6b0000 - 0x00007ff86b6bc000 	C:\Program Files\JetBrains\PyCharm Community Edition 2023.3.4\jbr\bin\vcruntime140_1.dll
0x00007ff846a50000 - 0x00007ff846add000 	C:\Program Files\JetBrains\PyCharm Community Edition 2023.3.4\jbr\bin\msvcp140.dll
0x00007ffffecf0000 - 0x00007fffff973000 	C:\Program Files\JetBrains\PyCharm Community Edition 2023.3.4\jbr\bin\server\jvm.dll
0x00007ff870180000 - 0x00007ff870232000 	C:\WINDOWS\System32\ADVAPI32.dll
0x00007ff8707d0000 - 0x00007ff870870000 	C:\WINDOWS\System32\sechost.dll
0x00007ff870050000 - 0x00007ff870173000 	C:\WINDOWS\System32\RPCRT4.dll
0x00007ff86f170000 - 0x00007ff86f197000 	C:\WINDOWS\System32\bcrypt.dll
0x00007ff85a4c0000 - 0x00007ff85a4c9000 	C:\WINDOWS\SYSTEM32\WSOCK32.dll
0x00007ff856990000 - 0x00007ff8569b7000 	C:\WINDOWS\SYSTEM32\WINMM.dll
0x00007ff86e390000 - 0x00007ff86e3db000 	C:\WINDOWS\SYSTEM32\POWRPROF.dll
0x00007ff8674f0000 - 0x00007ff8674fa000 	C:\WINDOWS\SYSTEM32\VERSION.dll
0x00007ff870520000 - 0x00007ff87058b000 	C:\WINDOWS\System32\WS2_32.dll
0x00007ff86e370000 - 0x00007ff86e382000 	C:\WINDOWS\SYSTEM32\UMPDC.dll
0x00007ff86d090000 - 0x00007ff86d0a2000 	C:\WINDOWS\SYSTEM32\kernel.appcore.dll
0x00007ff86b630000 - 0x00007ff86b63a000 	C:\Program Files\JetBrains\PyCharm Community Edition 2023.3.4\jbr\bin\jimage.dll
0x00007ff86cd40000 - 0x00007ff86cf24000 	C:\WINDOWS\SYSTEM32\DBGHELP.DLL
0x00007ff854c10000 - 0x00007ff854c44000 	C:\WINDOWS\SYSTEM32\dbgcore.DLL
0x00007ff86eab0000 - 0x00007ff86eb32000 	C:\WINDOWS\System32\bcryptPrimitives.dll
0x00007ff864f30000 - 0x00007ff864f55000 	C:\Program Files\JetBrains\PyCharm Community Edition 2023.3.4\jbr\bin\java.dll

dbghelp: loaded successfully - version: 4.0.5 - missing functions: none
symbol engine: initialized successfully - sym options: 0x614 - pdb path: .;C:\Program Files\JetBrains\PyCharm Community Edition 2023.3.4\jbr\bin;C:\WINDOWS\SYSTEM32;C:\WINDOWS\WinSxS\amd64_microsoft.windows.common-controls_6595b64144ccf1df_6.0.19041.4355_none_60b8b9eb71f62e16;C:\Program Files\JetBrains\PyCharm Community Edition 2023.3.4\jbr\bin\server

VM Arguments:
java_command: git4idea.http.GitAskPassApp Username for 'https://github.com': 
java_class_path (initial): C:/Program Files/JetBrains/PyCharm Community Edition 2023.3.4/plugins/vcs-git/lib/git4idea-rt.jar;C:/Program Files/JetBrains/PyCharm Community Edition 2023.3.4/lib/externalProcess-rt.jar
Launcher Type: SUN_STANDARD

[Global flags]
     intx CICompilerCount                          = 4                                         {product} {ergonomic}
     uint ConcGCThreads                            = 2                                         {product} {ergonomic}
     uint G1ConcRefinementThreads                  = 8                                         {product} {ergonomic}
   size_t G1HeapRegionSize                         = 1048576                                   {product} {ergonomic}
    uintx GCDrainStackTargetSize                   = 64                                        {product} {ergonomic}
   size_t InitialHeapSize                          = 134217728                                 {product} {ergonomic}
   size_t MarkStackSize                            = 4194304                                   {product} {ergonomic}
   size_t MaxHeapSize                              = 2118123520                                {product} {ergonomic}
   size_t MinHeapDeltaBytes                        = 1048576                                   {product} {ergonomic}
   size_t MinHeapSize                              = 8388608                                   {product} {ergonomic}
    uintx NonNMethodCodeHeapSize                   = 5839372                                {pd product} {ergonomic}
    uintx NonProfiledCodeHeapSize                  = 122909434                              {pd product} {ergonomic}
    uintx ProfiledCodeHeapSize                     = 122909434                              {pd product} {ergonomic}
    uintx ReservedCodeCacheSize                    = 251658240                              {pd product} {ergonomic}
     bool SegmentedCodeCache                       = true                                      {product} {ergonomic}
   size_t SoftMaxHeapSize                          = 2118123520                             {manageable} {ergonomic}
     bool UseCompressedClassPointers               = true                           {product lp64_product} {ergonomic}
     bool UseCompressedOops                        = true                           {product lp64_product} {ergonomic}
     bool UseG1GC                                  = true                                      {product} {ergonomic}
     bool UseLargePagesIndividualAllocation        = false                                  {pd product} {ergonomic}

Logging:
Log output configuration:
 #0: stdout all=warning uptime,level,tags
 #1: stderr all=off uptime,level,tags

Environment Variables:
PATH=C:\Program Files\Git\mingw64\libexec\git-core;C:\Program Files\Git\mingw64\libexec\git-core;C:\Program Files\Git\mingw64\bin;C:\Program Files\Git\usr\bin;C:\Users\Asus\bin;C:\Program Files (x86)\Common Files\Intel\Shared Libraries\redist\intel64\compiler;C:\Program Files (x86)\Intel\iCLS Client;C:\Program Files\Intel\iCLS Client;C:\Windows\system32;C:\Windows;C:\Windows\System32\Wbem;C:\Windows\System32\WindowsPowerShell\v1.0;C:\Program Files (x86)\Intel\Intel(R) Management Engine Components\DAL;C:\Program Files\Intel\Intel(R) Management Engine Components\DAL;C:\Program Files (x86)\Intel\Intel(R) Management Engine Components\IPT;C:\Program Files\Intel\Intel(R) Management Engine Components\IPT;C:\Program Files (x86)\NVIDIA Corporation\PhysX\Common;C:\WINDOWS\system32;C:\WINDOWS;C:\WINDOWS\System32\Wbem;C:\WINDOWS\System32\WindowsPowerShell\v1.0;C:\WINDOWS\System32\OpenSSH;C:\Program Files\Intel\WiFi\bin;C:\Program Files\Common Files\Intel\WirelessCommon;C:\Program Files\Git\cmd;C:\Users\Asus\AppData\Local\Microsoft\WindowsApps;C:\Program Files\Intel\WiFi\bin;C:\Program Files\Common Files\Intel\WirelessCommon;C:\Users\Asus\AppData\Roaming\Programs\Zero Install
USERNAME=Asus
DISPLAY=:0.0
LC_ALL=en_US.UTF-8
TERM=xterm-256color
TMPDIR=C:\Users\Asus\AppData\Local\Temp
OS=Windows_NT
PROCESSOR_IDENTIFIER=Intel64 Family 6 Model 142 Stepping 10, GenuineIntel
TMP=C:\Users\Asus\AppData\Local\Temp
TEMP=C:\Users\Asus\AppData\Local\Temp



Periodic native trim disabled

JNI global refs:
JNI global refs: 0, weak refs: 0

JNI global refs memory usage: 0, weak refs: 0

OOME stack traces (most recent first):
Classloader memory used:


---------------  S Y S T E M  ---------------

OS:
 Windows 10 , 64 bit Build 19041 (10.0.19041.4957)
OS uptime: 0 days 0:46 hours

CPU: total 8 (initial active 8) (4 cores per cpu, 2 threads per core) family 6 model 142 stepping 10 microcode 0xb4, cx8, cmov, fxsr, ht, mmx, 3dnowpref, sse, sse2, sse3, ssse3, sse4.1, sse4.2, popcnt, lzcnt, tsc, tscinvbit, avx, avx2, aes, erms, clmul, bmi1, bmi2, adx, fma, vzeroupper, clflush, clflushopt
Processor Information for processor 0
  Max Mhz: 1800, Current Mhz: 1600, Mhz Limit: 1584
Processor Information for processor 1
  Max Mhz: 1800, Current Mhz: 1600, Mhz Limit: 1584
Processor Information for processor 2
  Max Mhz: 1800, Current Mhz: 1600, Mhz Limit: 1584
Processor Information for processor 3
  Max Mhz: 1800, Current Mhz: 1600, Mhz Limit: 1584
Processor Information for processor 4
  Max Mhz: 1800, Current Mhz: 1600, Mhz Limit: 1584
Processor Information for processor 5
  Max Mhz: 1800, Current Mhz: 1400, Mhz Limit: 1584
Processor Information for processor 6
  Max Mhz: 1800, Current Mhz: 1600, Mhz Limit: 1584
Processor Information for processor 7
  Max Mhz: 1800, Current Mhz: 1400, Mhz Limit: 1584

Memory: 4k page, system-wide physical 8074M (1361M free)
TotalPageFile size 10274M (AvailPageFile size 117M)
current process WorkingSet (physical memory assigned to process): 10M, peak: 10M
current process commit charge ("private bytes"): 60M, peak: 188M

vm_info: OpenJDK 64-Bit Server VM (17.0.10+1-b1087.17) for windows-amd64 JRE (17.0.10+1-b1087.17), built on 2024-01-19 by "builduser" with MS VC++ 16.10 / 16.11 (VS2019)

END.
